<?xml version="1.0" encoding="UTF-8"?>
<testsuite name="com.woolog.controller.PostControllerTest" tests="0" skipped="0" failures="0" errors="0" timestamp="1970-01-01T00:00:00" hostname="baggwan-uui-MacBookPro.local" time="0.0">
  <properties/>
  <system-out><![CDATA[2024-11-18T22:27:44.446+09:00  INFO 4677 --- [    Test worker] t.c.s.AnnotationConfigContextLoaderUtils : Could not detect default configuration classes for test class [com.woolog.controller.PostControllerTest]: PostControllerTest does not declare any static, non-private, non-final, nested classes annotated with @Configuration.
2024-11-18T22:27:44.456+09:00  INFO 4677 --- [    Test worker] .b.t.c.SpringBootTestContextBootstrapper : Found @SpringBootConfiguration com.woolog.WoologApplication for test class com.woolog.controller.PostControllerTest
]]></system-out>
  <system-err><![CDATA[]]></system-err>
</testsuite>
