<?xml version="1.0" encoding="UTF-8"?>
<testsuite name="com.woolog.WoologApplicationTests" tests="1" skipped="0" failures="0" errors="0" timestamp="2024-11-18T13:27:44" hostname="baggwan-uui-MacBookPro.local" time="0.277">
  <properties/>
  <testcase name="contextLoads()" classname="com.woolog.WoologApplicationTests" time="0.277"/>
  <system-out><![CDATA[22:27:42.458 [Test worker] INFO org.springframework.test.context.support.AnnotationConfigContextLoaderUtils -- Could not detect default configuration classes for test class [com.woolog.WoologApplicationTests]: WoologApplicationTests does not declare any static, non-private, non-final, nested classes annotated with @Configuration.
22:27:42.494 [Test worker] INFO org.springframework.boot.test.context.SpringBootTestContextBootstrapper -- Found @SpringBootConfiguration com.woolog.WoologApplication for test class com.woolog.WoologApplicationTests

  .   ____          _            __ _ _
 /\\ / ___'_ __ _ _(_)_ __  __ _ \ \ \ \
( ( )\___ | '_ | '_| | '_ \/ _` | \ \ \ \
 \\/  ___)| |_)| | | | | || (_| |  ) ) ) )
  '  |____| .__|_| |_|_| |_\__, | / / / /
 =========|_|==============|___/=/_/_/_/

 :: Spring Boot ::                (v3.3.4)

2024-11-18T22:27:42.640+09:00  INFO 4677 --- [    Test worker] com.woolog.WoologApplicationTests        : Starting WoologApplicationTests using Java 21.0.2 with PID 4677 (started by ganoo in /Users/ganoo/study/woolog)
2024-11-18T22:27:42.640+09:00  INFO 4677 --- [    Test worker] com.woolog.WoologApplicationTests        : No active profile set, falling back to 1 default profile: "default"
2024-11-18T22:27:42.925+09:00  INFO 4677 --- [    Test worker] .s.d.r.c.RepositoryConfigurationDelegate : Bootstrapping Spring Data JPA repositories in DEFAULT mode.
2024-11-18T22:27:42.954+09:00  INFO 4677 --- [    Test worker] .s.d.r.c.RepositoryConfigurationDelegate : Finished Spring Data repository scanning in 24 ms. Found 1 JPA repository interface.
2024-11-18T22:27:43.145+09:00  INFO 4677 --- [    Test worker] o.hibernate.jpa.internal.util.LogHelper  : HHH000204: Processing PersistenceUnitInfo [name: default]
2024-11-18T22:27:43.175+09:00  INFO 4677 --- [    Test worker] org.hibernate.Version                    : HHH000412: Hibernate ORM core version 6.5.3.Final
2024-11-18T22:27:43.193+09:00  INFO 4677 --- [    Test worker] o.h.c.internal.RegionFactoryInitiator    : HHH000026: Second-level cache disabled
2024-11-18T22:27:43.336+09:00  INFO 4677 --- [    Test worker] o.s.o.j.p.SpringPersistenceUnitInfo      : No LoadTimeWeaver setup: ignoring JPA class transformer
2024-11-18T22:27:43.348+09:00  INFO 4677 --- [    Test worker] com.zaxxer.hikari.HikariDataSource       : HikariPool-1 - Starting...
2024-11-18T22:27:43.421+09:00  INFO 4677 --- [    Test worker] com.zaxxer.hikari.pool.HikariPool        : HikariPool-1 - Added connection conn0: url=jdbc:h2:mem:woolog user=SA
2024-11-18T22:27:43.422+09:00  INFO 4677 --- [    Test worker] com.zaxxer.hikari.HikariDataSource       : HikariPool-1 - Start completed.
2024-11-18T22:27:43.783+09:00  INFO 4677 --- [    Test worker] o.h.e.t.j.p.i.JtaPlatformInitiator       : HHH000489: No JTA platform available (set 'hibernate.transaction.jta.platform' to enable JTA platform integration)
Hibernate: 
    drop table if exists post cascade 
Hibernate: 
    create table post (
        id bigint generated by default as identity,
        title varchar(255),
        content clob,
        primary key (id)
    )
2024-11-18T22:27:43.796+09:00  INFO 4677 --- [    Test worker] j.LocalContainerEntityManagerFactoryBean : Initialized JPA EntityManagerFactory for persistence unit 'default'
2024-11-18T22:27:43.974+09:00  WARN 4677 --- [    Test worker] JpaBaseConfiguration$JpaWebConfiguration : spring.jpa.open-in-view is enabled by default. Therefore, database queries may be performed during view rendering. Explicitly configure spring.jpa.open-in-view to disable this warning
2024-11-18T22:27:44.123+09:00  INFO 4677 --- [    Test worker] o.s.b.a.h2.H2ConsoleAutoConfiguration    : H2 console available at '/h2-console'. Database available at 'jdbc:h2:mem:woolog'
2024-11-18T22:27:44.158+09:00  INFO 4677 --- [    Test worker] com.woolog.WoologApplicationTests        : Started WoologApplicationTests in 1.615 seconds (process running for 2.107)
]]></system-out>
  <system-err><![CDATA[WARNING: A Java agent has been loaded dynamically (/Users/ganoo/.gradle/caches/modules-2/files-2.1/net.bytebuddy/byte-buddy-agent/1.14.19/154da3a65b4f4a909d3e5bdec55d1b2b4cbb6ce1/byte-buddy-agent-1.14.19.jar)
WARNING: If a serviceability tool is in use, please run with -XX:+EnableDynamicAgentLoading to hide this warning
WARNING: If a serviceability tool is not in use, please run with -Djdk.instrument.traceUsage for more information
WARNING: Dynamic loading of agents will be disallowed by default in a future release
]]></system-err>
</testsuite>
