<?xml version="1.0" encoding="UTF-8"?>
<testsuite name="성공 케이스" tests="5" skipped="0" failures="0" errors="0" timestamp="2024-11-18T13:27:45" hostname="baggwan-uui-MacBookPro.local" time="0.023">
  <properties/>
  <testcase name="게시글 1개 조회" classname="com.woolog.service.PostServiceTest$successCase" time="0.01"/>
  <testcase name="게시글 생성 성공" classname="com.woolog.service.PostServiceTest$successCase" time="0.003"/>
  <testcase name="게시글 리스트 조회" classname="com.woolog.service.PostServiceTest$successCase" time="0.002"/>
  <testcase name="게시글 수정" classname="com.woolog.service.PostServiceTest$successCase" time="0.002"/>
  <testcase name="게시글 삭제" classname="com.woolog.service.PostServiceTest$successCase" time="0.004"/>
  <system-out><![CDATA[]]></system-out>
  <system-err><![CDATA[]]></system-err>
</testsuite>
