<?xml version="1.0" encoding="UTF-8"?>
<testsuite name="실패 케이스" tests="1" skipped="0" failures="0" errors="0" timestamp="2024-11-18T13:27:45" hostname="baggwan-uui-MacBookPro.local" time="0.106">
  <properties/>
  <testcase name="게시글 조회 실패" classname="com.woolog.service.PostServiceTest$FailureCase" time="0.106"/>
  <system-out><![CDATA[]]></system-out>
  <system-err><![CDATA[]]></system-err>
</testsuite>
